-------------------------------------------------------------------------------
Test set: org.cis120.Task4Test
-------------------------------------------------------------------------------
Tests run: 9, Failures: 0, Errors: 9, Skipped: 0, Time elapsed: 0.001 s <<< FAILURE! - in org.cis120.Task4Test
testJoinChannelExistsNotMember  Time elapsed: 0 s  <<< ERROR!
java.lang.NullPointerException: Cannot invoke "java.util.Collection.contains(Object)" because "existingUsers" is null
	at org.cis120.Task4Test.testJoinChannelExistsNotMember(Task4Test.java:52)

testMesgChannelExistsMember  Time elapsed: 0 s  <<< ERROR!
java.lang.NullPointerException: Cannot invoke "java.util.Collection.contains(Object)" because "existingUsers" is null
	at org.cis120.Task4Test.testMesgChannelExistsMember(Task4Test.java:166)

testNickBroadcastsToChannelWhereMember  Time elapsed: 0 s  <<< ERROR!
java.lang.NullPointerException: Cannot invoke "java.util.Collection.contains(Object)" because "existingUsers" is null
	at org.cis120.Task4Test.testNickBroadcastsToChannelWhereMember(Task4Test.java:80)

testLeaveChannelExistsMember  Time elapsed: 0 s  <<< ERROR!
java.lang.NullPointerException: Cannot invoke "java.util.Collection.contains(Object)" because "existingUsers" is null
	at org.cis120.Task4Test.testLeaveChannelExistsMember(Task4Test.java:110)

testEncapsulationgetUsersInChannelOwner  Time elapsed: 0 s  <<< ERROR!
java.lang.NullPointerException: Cannot invoke "java.util.Collection.contains(Object)" because "existingUsers" is null
	at org.cis120.Task4Test.testEncapsulationgetUsersInChannelOwner(Task4Test.java:183)

testEncapsulationgetUsersInChannelNonOwner  Time elapsed: 0 s  <<< ERROR!
java.lang.NullPointerException: Cannot invoke "java.util.Collection.contains(Object)" because "existingUsers" is null
	at org.cis120.Task4Test.testEncapsulationgetUsersInChannelNonOwner(Task4Test.java:199)

testEncapsulationGetChannels  Time elapsed: 0.001 s  <<< ERROR!
java.lang.NullPointerException: Cannot invoke "java.util.Collection.contains(Object)" because "existingUsers" is null
	at org.cis120.Task4Test.testEncapsulationGetChannels(Task4Test.java:217)

testDeregisterSendsDisconnectedWhereMember  Time elapsed: 0 s  <<< ERROR!
java.lang.NullPointerException: Cannot invoke "java.util.Collection.contains(Object)" because "existingUsers" is null
	at org.cis120.Task4Test.testDeregisterSendsDisconnectedWhereMember(Task4Test.java:140)

testCreateNewChannel  Time elapsed: 0 s  <<< ERROR!
java.lang.NullPointerException: Cannot invoke "java.util.Collection.contains(Object)" because "existingUsers" is null
	at org.cis120.Task4Test.testCreateNewChannel(Task4Test.java:37)

