-------------------------------------------------------------------------------
Test set: org.cis120.Task2Test
-------------------------------------------------------------------------------
Tests run: 6, Failures: 0, Errors: 3, Skipped: 0, Time elapsed: 0.002 s <<< FAILURE! - in org.cis120.Task2Test
testGetRegisteredUsersEmpty  Time elapsed: 0 s  <<< ERROR!
java.lang.NullPointerException: Cannot invoke "java.util.Collection.isEmpty()" because the return value of "org.cis120.ServerModel.getRegisteredUsers()" is null
	at org.cis120.Task2Test.testGetRegisteredUsersEmpty(Task2Test.java:34)

testGetChannelsEmpty  Time elapsed: 0 s  <<< ERROR!
java.lang.NullPointerException: Cannot invoke "java.util.Collection.isEmpty()" because the return value of "org.cis120.ServerModel.getChannels()" is null
	at org.cis120.Task2Test.testGetChannelsEmpty(Task2Test.java:39)

testGetUsersInChannelEmpty  Time elapsed: 0 s  <<< ERROR!
java.lang.NullPointerException: Cannot invoke "java.util.Collection.isEmpty()" because the return value of "org.cis120.ServerModel.getUsersInChannel(String)" is null
	at org.cis120.Task2Test.testGetUsersInChannelEmpty(Task2Test.java:44)

