<?xml version="1.0" encoding="UTF-8"?>
<testsuite xmlns:xsi="http://www.w3.org/2001/XMLSchema-instance" xsi:noNamespaceSchemaLocation="https://maven.apache.org/surefire/maven-surefire-plugin/xsd/surefire-test-report.xsd" name="org.cis120.Task3Test" time="0.001" tests="9" errors="9" skipped="0" failures="0">
  <properties>
[...]
</properties>
  <testcase name="testNickCollision" classname="org.cis120.Task3Test" time="0">
    <error message="Cannot invoke &quot;java.util.Collection.contains(Object)&quot; because &quot;existingUsers&quot; is null" type="java.lang.NullPointerException">java.lang.NullPointerException: Cannot invoke "java.util.Collection.contains(Object)" because "existingUsers" is null
	at org.cis120.Task3Test.testNickCollision(Task3Test.java:111)
</error>
  </testcase>
  <testcase name="testDeregisterSingleUser" classname="org.cis120.Task3Test" time="0">
    <error message="Cannot invoke &quot;java.util.Collection.contains(Object)&quot; because &quot;existingUsers&quot; is null" type="java.lang.NullPointerException">java.lang.NullPointerException: Cannot invoke "java.util.Collection.contains(Object)" because "existingUsers" is null
	at org.cis120.Task3Test.testDeregisterSingleUser(Task3Test.java:82)
</error>
  </testcase>
  <testcase name="testRegisterMultipleUsers" classname="org.cis120.Task3Test" time="0">
    <error message="Cannot invoke &quot;java.util.Collection.contains(Object)&quot; because &quot;existingUsers&quot; is null" type="java.lang.NullPointerException">java.lang.NullPointerException: Cannot invoke "java.util.Collection.contains(Object)" because "existingUsers" is null
	at org.cis120.Task3Test.testRegisterMultipleUsers(Task3Test.java:67)
</error>
  </testcase>
  <testcase name="testDeregisterOneOfManyUsers" classname="org.cis120.Task3Test" time="0.001">
    <error message="Cannot invoke &quot;java.util.Collection.contains(Object)&quot; because &quot;existingUsers&quot; is null" type="java.lang.NullPointerException">java.lang.NullPointerException: Cannot invoke "java.util.Collection.contains(Object)" because "existingUsers" is null
	at org.cis120.Task3Test.testDeregisterOneOfManyUsers(Task3Test.java:89)
</error>
  </testcase>
  <testcase name="testNickNotInChannels" classname="org.cis120.Task3Test" time="0">
    <error message="Cannot invoke &quot;java.util.Collection.contains(Object)&quot; because &quot;existingUsers&quot; is null" type="java.lang.NullPointerException">java.lang.NullPointerException: Cannot invoke "java.util.Collection.contains(Object)" because "existingUsers" is null
	at org.cis120.Task3Test.testNickNotInChannels(Task3Test.java:99)
</error>
  </testcase>
  <testcase name="testEmptyOnInit" classname="org.cis120.Task3Test" time="0">
    <error message="Cannot invoke &quot;java.util.Collection.isEmpty()&quot; because the return value of &quot;org.cis120.ServerModel.getRegisteredUsers()&quot; is null" type="java.lang.NullPointerException">java.lang.NullPointerException: Cannot invoke "java.util.Collection.isEmpty()" because the return value of "org.cis120.ServerModel.getRegisteredUsers()" is null
	at org.cis120.Task3Test.testEmptyOnInit(Task3Test.java:36)
</error>
  </testcase>
  <testcase name="testRegisterSingleUser" classname="org.cis120.Task3Test" time="0">
    <error message="Cannot invoke &quot;java.util.Collection.contains(Object)&quot; because &quot;existingUsers&quot; is null" type="java.lang.NullPointerException">java.lang.NullPointerException: Cannot invoke "java.util.Collection.contains(Object)" because "existingUsers" is null
	at org.cis120.Task3Test.testRegisterSingleUser(Task3Test.java:50)
</error>
  </testcase>
  <testcase name="testEncapsulationGetRegisteredUsers" classname="org.cis120.Task3Test" time="0">
    <error message="Cannot invoke &quot;java.util.Collection.contains(Object)&quot; because &quot;existingUsers&quot; is null" type="java.lang.NullPointerException">java.lang.NullPointerException: Cannot invoke "java.util.Collection.contains(Object)" because "existingUsers" is null
	at org.cis120.Task3Test.testEncapsulationGetRegisteredUsers(Task3Test.java:138)
</error>
  </testcase>
  <testcase name="testNickCollisionOnConnect" classname="org.cis120.Task3Test" time="0">
    <error message="Cannot invoke &quot;java.util.Collection.contains(Object)&quot; because &quot;existingUsers&quot; is null" type="java.lang.NullPointerException">java.lang.NullPointerException: Cannot invoke "java.util.Collection.contains(Object)" because "existingUsers" is null
	at org.cis120.Task3Test.testNickCollisionOnConnect(Task3Test.java:123)
</error>
  </testcase>
</testsuite>