<?xml version="1.0" encoding="UTF-8"?>
<testsuite xmlns:xsi="http://www.w3.org/2001/XMLSchema-instance" xsi:noNamespaceSchemaLocation="https://maven.apache.org/surefire/maven-surefire-plugin/xsd/surefire-test-report.xsd" name="org.cis120.Task5Test" time="0" tests="3" errors="3" skipped="0" failures="0">
  <properties>
[...]
</properties>
  <testcase name="testKickOneChannel" classname="org.cis120.Task5Test" time="0">
    <error message="Cannot invoke &quot;java.util.Collection.contains(Object)&quot; because &quot;existingUsers&quot; is null" type="java.lang.NullPointerException">java.lang.NullPointerException: Cannot invoke "java.util.Collection.contains(Object)" because "existingUsers" is null
	at org.cis120.Task5Test.setUp(Task5Test.java:35)
</error>
  </testcase>
  <testcase name="testInviteByOwner" classname="org.cis120.Task5Test" time="0">
    <error message="Cannot invoke &quot;java.util.Collection.contains(Object)&quot; because &quot;existingUsers&quot; is null" type="java.lang.NullPointerException">java.lang.NullPointerException: Cannot invoke "java.util.Collection.contains(Object)" because "existingUsers" is null
	at org.cis120.Task5Test.setUp(Task5Test.java:35)
</error>
  </testcase>
  <testcase name="testInviteByNonOwner" classname="org.cis120.Task5Test" time="0">
    <error message="Cannot invoke &quot;java.util.Collection.contains(Object)&quot; because &quot;existingUsers&quot; is null" type="java.lang.NullPointerException">java.lang.NullPointerException: Cannot invoke "java.util.Collection.contains(Object)" because "existingUsers" is null
	at org.cis120.Task5Test.setUp(Task5Test.java:35)
</error>
  </testcase>
</testsuite>